c:\cs 134 projects\openframeworks\of_v0.11.2_vs2017_release\apps\cs134project1part2 files\clean code files\main.obj
c:\cs 134 projects\openframeworks\of_v0.11.2_vs2017_release\apps\cs134project1part2 files\clean code files\player.obj
c:\cs 134 projects\openframeworks\of_v0.11.2_vs2017_release\apps\cs134project1part2 files\clean code files\sprite.obj
c:\cs 134 projects\openframeworks\of_v0.11.2_vs2017_release\apps\cs134project1part2 files\clean code files\ofapp.obj
c:\cs 134 projects\openframeworks\of_v0.11.2_vs2017_release\apps\cs134project1part2 files\clean code files\agentone.obj
c:\cs 134 projects\openframeworks\of_v0.11.2_vs2017_release\apps\myapps\cs134-project1-part2\obj\x64\debug\vc143.pdb
c:\cs 134 projects\openframeworks\of_v0.11.2_vs2017_release\apps\cs134project1part2 files\clean code files\particleemitter.obj
c:\cs 134 projects\openframeworks\of_v0.11.2_vs2017_release\apps\cs134project1part2 files\clean code files\particle.obj
c:\cs 134 projects\openframeworks\of_v0.11.2_vs2017_release\apps\cs134project1part2 files\clean code files\transformobject.obj
c:\cs 134 projects\openframeworks\of_v0.11.2_vs2017_release\apps\cs134project1part2 files\clean code files\particlesystem.obj
c:\cs 134 projects\openframeworks\of_v0.11.2_vs2017_release\apps\myapps\cs134-project1-part2\addons\ofxgui\src\ofxbutton.obj
c:\cs 134 projects\openframeworks\of_v0.11.2_vs2017_release\apps\myapps\cs134-project1-part2\addons\ofxgui\src\ofxinputfield.obj
c:\cs 134 projects\openframeworks\of_v0.11.2_vs2017_release\apps\myapps\cs134-project1-part2\addons\ofxgui\src\ofxguigroup.obj
c:\cs 134 projects\openframeworks\of_v0.11.2_vs2017_release\apps\myapps\cs134-project1-part2\addons\ofxgui\src\ofxslider.obj
c:\cs 134 projects\openframeworks\of_v0.11.2_vs2017_release\apps\myapps\cs134-project1-part2\addons\ofxgui\src\ofxbasegui.obj
c:\cs 134 projects\openframeworks\of_v0.11.2_vs2017_release\apps\myapps\cs134-project1-part2\addons\ofxgui\src\ofxlabel.obj
c:\cs 134 projects\openframeworks\of_v0.11.2_vs2017_release\apps\myapps\cs134-project1-part2\addons\ofxgui\src\ofxslidergroup.obj
c:\cs 134 projects\openframeworks\of_v0.11.2_vs2017_release\apps\myapps\cs134-project1-part2\addons\ofxgui\src\ofxcolorpicker.obj
c:\cs 134 projects\openframeworks\of_v0.11.2_vs2017_release\apps\myapps\cs134-project1-part2\addons\ofxgui\src\ofxpanel.obj
c:\cs 134 projects\openframeworks\of_v0.11.2_vs2017_release\apps\myapps\cs134-project1-part2\addons\ofxgui\src\ofxtoggle.obj
c:\cs 134 projects\openframeworks\of_v0.11.2_vs2017_release\apps\myapps\cs134-project1-part2\obj\x64\debug\src\particle.obj
c:\cs 134 projects\openframeworks\of_v0.11.2_vs2017_release\apps\myapps\cs134-project1-part2\obj\x64\debug\src\particleemitter.obj
c:\cs 134 projects\openframeworks\of_v0.11.2_vs2017_release\apps\myapps\cs134-project1-part2\obj\x64\debug\src\transformobject.obj
c:\cs 134 projects\openframeworks\of_v0.11.2_vs2017_release\apps\myapps\cs134-project1-part2\obj\x64\debug\src\agentone.obj
c:\cs 134 projects\openframeworks\of_v0.11.2_vs2017_release\apps\myapps\cs134-project1-part2\obj\x64\debug\src\particlesystem.obj
c:\cs 134 projects\openframeworks\of_v0.11.2_vs2017_release\apps\myapps\cs134-project1-part2\obj\x64\debug\src\ofapp.obj
c:\cs 134 projects\openframeworks\of_v0.11.2_vs2017_release\apps\myapps\cs134-project1-part2\obj\x64\debug\src\sprite.obj
c:\cs 134 projects\openframeworks\of_v0.11.2_vs2017_release\apps\myapps\cs134-project1-part2\obj\x64\debug\src\main.obj
c:\cs 134 projects\openframeworks\of_v0.11.2_vs2017_release\apps\myapps\cs134-project1-part2\obj\x64\debug\src\player.obj
c:\cs 134 projects\openframeworks\of_v0.11.2_vs2017_release\apps\myapps\cs134-project1-part2\bin\cs134-project1-part2_debug.lib
c:\cs 134 projects\openframeworks\of_v0.11.2_vs2017_release\apps\myapps\cs134-project1-part2\bin\cs134-project1-part2_debug.exp
c:\cs 134 projects\openframeworks\of_v0.11.2_vs2017_release\apps\myapps\cs134-project1-part2\bin\cs134-project1-part2_debug.exe
c:\cs 134 projects\openframeworks\of_v0.11.2_vs2017_release\apps\myapps\cs134-project1-part2\obj\x64\debug\cs134-project1-part2_debug.ilk
c:\cs 134 projects\openframeworks\of_v0.11.2_vs2017_release\apps\myapps\cs134-project1-part2\bin\cs134-project1-part2_debug.pdb
c:\cs 134 projects\openframeworks\of_v0.11.2_vs2017_release\apps\myapps\cs134-project1-part2\obj\x64\debug\icon.res
c:\cs 134 projects\openframeworks\of_v0.11.2_vs2017_release\apps\myapps\cs134-project1-part2\obj\x64\debug\cs134-pr.7fd42df7.tlog\cl.command.1.tlog
c:\cs 134 projects\openframeworks\of_v0.11.2_vs2017_release\apps\myapps\cs134-project1-part2\obj\x64\debug\cs134-pr.7fd42df7.tlog\cl.read.1.tlog
c:\cs 134 projects\openframeworks\of_v0.11.2_vs2017_release\apps\myapps\cs134-project1-part2\obj\x64\debug\cs134-pr.7fd42df7.tlog\cl.write.1.tlog
c:\cs 134 projects\openframeworks\of_v0.11.2_vs2017_release\apps\myapps\cs134-project1-part2\obj\x64\debug\cs134-pr.7fd42df7.tlog\link.command.1.tlog
c:\cs 134 projects\openframeworks\of_v0.11.2_vs2017_release\apps\myapps\cs134-project1-part2\obj\x64\debug\cs134-pr.7fd42df7.tlog\link.read.1.tlog
c:\cs 134 projects\openframeworks\of_v0.11.2_vs2017_release\apps\myapps\cs134-project1-part2\obj\x64\debug\cs134-pr.7fd42df7.tlog\link.write.1.tlog
c:\cs 134 projects\openframeworks\of_v0.11.2_vs2017_release\apps\myapps\cs134-project1-part2\obj\x64\debug\cs134-pr.7fd42df7.tlog\link.write.2u.tlog
c:\cs 134 projects\openframeworks\of_v0.11.2_vs2017_release\apps\myapps\cs134-project1-part2\obj\x64\debug\cs134-pr.7fd42df7.tlog\rc.command.1.tlog
c:\cs 134 projects\openframeworks\of_v0.11.2_vs2017_release\apps\myapps\cs134-project1-part2\obj\x64\debug\cs134-pr.7fd42df7.tlog\rc.read.1.tlog
c:\cs 134 projects\openframeworks\of_v0.11.2_vs2017_release\apps\myapps\cs134-project1-part2\obj\x64\debug\cs134-pr.7fd42df7.tlog\rc.write.1.tlog
